2025-02-12 22:31:54,478 - MySecretLogger - INFO - VIRUS_TOTAL_KEY: Obtained
2025-02-12 22:31:54,478 - MySecretLogger - INFO - VIRUS_TOTAL_ENDPOINT: Obtained
2025-02-12 22:31:54,478 - MySecretLogger - INFO - VIRUS_TOTAL_KEY: Obtained
2025-02-12 22:31:54,478 - MySecretLogger - INFO - VIRUS_TOTAL_KEY: Obtained
2025-02-12 22:31:54,478 - MySecretLogger - INFO - VIRUS_TOTAL_KEY: Obtained
2025-02-12 22:31:54,478 - MySecretLogger - INFO - VIRUS_TOTAL_KEY: Obtained
2025-02-12 22:31:54,478 - MySecretLogger - INFO - VIRUS_TOTAL_KEY: Obtained
2025-02-12 22:31:54,479 - MySecretLogger - INFO - VIRUS_TOTAL_KEY: Obtained
2025-02-12 22:31:55,830 - Home.py - INFO - User accessed the Overview section.
2025-02-12 22:33:38,374 - MySecretLogger - INFO - VIRUS_TOTAL_KEY: Obtained
2025-02-12 22:33:38,374 - MySecretLogger - INFO - VIRUS_TOTAL_ENDPOINT: Obtained
2025-02-12 22:33:38,375 - MySecretLogger - INFO - VIRUS_TOTAL_KEY: Obtained
2025-02-12 22:33:38,375 - MySecretLogger - INFO - VIRUS_TOTAL_KEY: Obtained
2025-02-12 22:33:38,375 - MySecretLogger - INFO - VIRUS_TOTAL_KEY: Obtained
2025-02-12 22:33:38,375 - MySecretLogger - INFO - VIRUS_TOTAL_KEY: Obtained
2025-02-12 22:33:38,375 - MySecretLogger - INFO - VIRUS_TOTAL_KEY: Obtained
2025-02-12 22:33:38,375 - MySecretLogger - INFO - VIRUS_TOTAL_KEY: Obtained
2025-02-12 22:33:39,123 - Home.py - INFO - User accessed the Overview section.
2025-02-12 22:43:55,518 - MySecretLogger - INFO - VIRUS_TOTAL_KEY: Obtained
2025-02-12 22:43:55,519 - MySecretLogger - INFO - VIRUS_TOTAL_ENDPOINT: Obtained
2025-02-12 22:43:55,519 - MySecretLogger - INFO - VIRUS_TOTAL_KEY: Obtained
2025-02-12 22:43:55,519 - MySecretLogger - INFO - VIRUS_TOTAL_KEY: Obtained
2025-02-12 22:43:55,519 - MySecretLogger - INFO - VIRUS_TOTAL_KEY: Obtained
2025-02-12 22:43:55,519 - MySecretLogger - INFO - VIRUS_TOTAL_KEY: Obtained
2025-02-12 22:43:55,519 - MySecretLogger - INFO - VIRUS_TOTAL_KEY: Obtained
2025-02-12 22:43:55,519 - MySecretLogger - INFO - VIRUS_TOTAL_KEY: Obtained
2025-02-12 22:43:56,277 - Home.py - INFO - User accessed the Overview section.
2025-02-12 22:47:04,206 - MySecretLogger - INFO - VIRUS_TOTAL_KEY: Obtained
2025-02-12 22:47:04,206 - MySecretLogger - INFO - VIRUS_TOTAL_ENDPOINT: Obtained
2025-02-12 22:47:04,206 - MySecretLogger - INFO - VIRUS_TOTAL_KEY: Obtained
2025-02-12 22:47:04,206 - MySecretLogger - INFO - VIRUS_TOTAL_KEY: Obtained
2025-02-12 22:47:04,207 - MySecretLogger - INFO - VIRUS_TOTAL_KEY: Obtained
2025-02-12 22:47:04,207 - MySecretLogger - INFO - VIRUS_TOTAL_KEY: Obtained
2025-02-12 22:47:04,207 - MySecretLogger - INFO - VIRUS_TOTAL_KEY: Obtained
2025-02-12 22:47:04,207 - MySecretLogger - INFO - VIRUS_TOTAL_KEY: Obtained
2025-02-12 22:47:04,975 - Home.py - INFO - User accessed the Overview section.
2025-02-12 22:56:29,457 - MySecretLogger - INFO - VIRUS_TOTAL_KEY: Obtained
2025-02-12 22:56:29,457 - MySecretLogger - INFO - VIRUS_TOTAL_ENDPOINT: Obtained
2025-02-12 22:56:29,458 - MySecretLogger - INFO - VIRUS_TOTAL_KEY: Obtained
2025-02-12 22:56:29,458 - MySecretLogger - INFO - VIRUS_TOTAL_KEY: Obtained
2025-02-12 22:56:29,458 - MySecretLogger - INFO - VIRUS_TOTAL_KEY: Obtained
2025-02-12 22:56:29,458 - MySecretLogger - INFO - VIRUS_TOTAL_KEY: Obtained
2025-02-12 22:56:29,458 - MySecretLogger - INFO - VIRUS_TOTAL_KEY: Obtained
2025-02-12 22:56:29,458 - MySecretLogger - INFO - VIRUS_TOTAL_KEY: Obtained
2025-02-12 22:57:12,880 - MySecretLogger - INFO - VIRUS_TOTAL_KEY: Obtained
2025-02-12 22:57:12,881 - MySecretLogger - INFO - VIRUS_TOTAL_ENDPOINT: Obtained
2025-02-12 22:57:12,881 - MySecretLogger - INFO - VIRUS_TOTAL_KEY: Obtained
2025-02-12 22:57:12,881 - MySecretLogger - INFO - VIRUS_TOTAL_KEY: Obtained
2025-02-12 22:57:12,881 - MySecretLogger - INFO - VIRUS_TOTAL_KEY: Obtained
2025-02-12 22:57:12,881 - MySecretLogger - INFO - VIRUS_TOTAL_KEY: Obtained
2025-02-12 22:57:12,881 - MySecretLogger - INFO - VIRUS_TOTAL_KEY: Obtained
2025-02-12 22:57:12,881 - MySecretLogger - INFO - VIRUS_TOTAL_KEY: Obtained
2025-02-12 22:57:25,867 - email_analysis_cli - ERROR - Error processing email file: 'bytes' object has no attribute 'read'
2025-02-12 22:58:47,384 - MySecretLogger - INFO - VIRUS_TOTAL_KEY: Obtained
2025-02-12 22:58:47,385 - MySecretLogger - INFO - VIRUS_TOTAL_ENDPOINT: Obtained
2025-02-12 22:58:47,385 - MySecretLogger - INFO - VIRUS_TOTAL_KEY: Obtained
2025-02-12 22:58:47,385 - MySecretLogger - INFO - VIRUS_TOTAL_KEY: Obtained
2025-02-12 22:58:47,385 - MySecretLogger - INFO - VIRUS_TOTAL_KEY: Obtained
2025-02-12 22:58:47,386 - MySecretLogger - INFO - VIRUS_TOTAL_KEY: Obtained
2025-02-12 22:58:47,386 - MySecretLogger - INFO - VIRUS_TOTAL_KEY: Obtained
2025-02-12 22:58:47,386 - MySecretLogger - INFO - VIRUS_TOTAL_KEY: Obtained
2025-02-12 23:01:14,004 - MySecretLogger - INFO - VIRUS_TOTAL_KEY: Obtained
2025-02-12 23:01:14,004 - MySecretLogger - INFO - VIRUS_TOTAL_ENDPOINT: Obtained
2025-02-12 23:01:14,004 - MySecretLogger - INFO - VIRUS_TOTAL_KEY: Obtained
2025-02-12 23:01:14,005 - MySecretLogger - INFO - VIRUS_TOTAL_KEY: Obtained
2025-02-12 23:01:14,005 - MySecretLogger - INFO - VIRUS_TOTAL_KEY: Obtained
2025-02-12 23:01:14,005 - MySecretLogger - INFO - VIRUS_TOTAL_KEY: Obtained
2025-02-12 23:01:14,005 - MySecretLogger - INFO - VIRUS_TOTAL_KEY: Obtained
2025-02-12 23:01:14,005 - MySecretLogger - INFO - VIRUS_TOTAL_KEY: Obtained
2025-02-15 11:23:10,054 - MySecretLogger - INFO - VIRUS_TOTAL_KEY: Obtained
2025-02-15 11:23:10,054 - MySecretLogger - INFO - VIRUS_TOTAL_ENDPOINT: Obtained
2025-02-15 11:23:10,054 - MySecretLogger - INFO - VIRUS_TOTAL_KEY: Obtained
2025-02-15 11:23:10,054 - MySecretLogger - INFO - VIRUS_TOTAL_KEY: Obtained
2025-02-15 11:23:10,054 - MySecretLogger - INFO - VIRUS_TOTAL_KEY: Obtained
2025-02-15 11:23:10,055 - MySecretLogger - INFO - VIRUS_TOTAL_KEY: Obtained
2025-02-15 11:23:10,055 - MySecretLogger - INFO - VIRUS_TOTAL_KEY: Obtained
2025-02-15 11:23:10,055 - MySecretLogger - INFO - VIRUS_TOTAL_KEY: Obtained
2025-02-15 11:23:42,732 - MySecretLogger - INFO - VIRUS_TOTAL_KEY: Obtained
2025-02-15 11:23:42,733 - MySecretLogger - INFO - VIRUS_TOTAL_ENDPOINT: Obtained
2025-02-15 11:23:42,733 - MySecretLogger - INFO - VIRUS_TOTAL_KEY: Obtained
2025-02-15 11:23:42,733 - MySecretLogger - INFO - VIRUS_TOTAL_KEY: Obtained
2025-02-15 11:23:42,733 - MySecretLogger - INFO - VIRUS_TOTAL_KEY: Obtained
2025-02-15 11:23:42,733 - MySecretLogger - INFO - VIRUS_TOTAL_KEY: Obtained
2025-02-15 11:23:42,733 - MySecretLogger - INFO - VIRUS_TOTAL_KEY: Obtained
2025-02-15 11:23:42,733 - MySecretLogger - INFO - VIRUS_TOTAL_KEY: Obtained
2025-02-15 11:23:47,536 - Home.py - INFO - User accessed the Overview section.
2025-02-15 11:24:21,624 - email_analysis_ui - INFO - New email file uploaded for analysis.
2025-02-15 11:40:40,270 - MySecretLogger - INFO - VIRUS_TOTAL_KEY: Obtained
2025-02-15 11:40:40,270 - MySecretLogger - INFO - VIRUS_TOTAL_ENDPOINT: Obtained
2025-02-15 11:40:40,270 - MySecretLogger - INFO - VIRUS_TOTAL_KEY: Obtained
2025-02-15 11:40:40,270 - MySecretLogger - INFO - VIRUS_TOTAL_KEY: Obtained
2025-02-15 11:40:40,270 - MySecretLogger - INFO - VIRUS_TOTAL_KEY: Obtained
2025-02-15 11:40:40,270 - MySecretLogger - INFO - VIRUS_TOTAL_KEY: Obtained
2025-02-15 11:40:40,271 - MySecretLogger - INFO - VIRUS_TOTAL_KEY: Obtained
2025-02-15 11:40:40,271 - MySecretLogger - INFO - VIRUS_TOTAL_KEY: Obtained
2025-02-15 11:40:51,358 - MySecretLogger - INFO - VIRUS_TOTAL_KEY: Obtained
2025-02-15 11:40:51,358 - MySecretLogger - INFO - VIRUS_TOTAL_ENDPOINT: Obtained
2025-02-15 11:40:51,358 - MySecretLogger - INFO - VIRUS_TOTAL_KEY: Obtained
2025-02-15 11:40:51,358 - MySecretLogger - INFO - VIRUS_TOTAL_KEY: Obtained
2025-02-15 11:40:51,358 - MySecretLogger - INFO - VIRUS_TOTAL_KEY: Obtained
2025-02-15 11:40:51,358 - MySecretLogger - INFO - VIRUS_TOTAL_KEY: Obtained
2025-02-15 11:40:51,358 - MySecretLogger - INFO - VIRUS_TOTAL_KEY: Obtained
2025-02-15 11:40:51,359 - MySecretLogger - INFO - VIRUS_TOTAL_KEY: Obtained
2025-02-15 11:40:55,882 - Home.py - INFO - User accessed the Overview section.
2025-02-15 11:41:05,409 - email_analysis_ui - INFO - New email file uploaded for analysis.
2025-02-15 11:41:05,428 - email_analysis_ui - ERROR - Error processing email file: not enough values to unpack (expected 2, got 1)
2025-02-15 11:42:30,838 - MySecretLogger - INFO - VIRUS_TOTAL_KEY: Obtained
2025-02-15 11:42:30,839 - MySecretLogger - INFO - VIRUS_TOTAL_ENDPOINT: Obtained
2025-02-15 11:42:30,839 - MySecretLogger - INFO - VIRUS_TOTAL_KEY: Obtained
2025-02-15 11:42:30,839 - MySecretLogger - INFO - VIRUS_TOTAL_KEY: Obtained
2025-02-15 11:42:30,839 - MySecretLogger - INFO - VIRUS_TOTAL_KEY: Obtained
2025-02-15 11:42:30,839 - MySecretLogger - INFO - VIRUS_TOTAL_KEY: Obtained
2025-02-15 11:42:30,839 - MySecretLogger - INFO - VIRUS_TOTAL_KEY: Obtained
2025-02-15 11:42:30,839 - MySecretLogger - INFO - VIRUS_TOTAL_KEY: Obtained
2025-02-15 11:42:48,650 - MySecretLogger - INFO - VIRUS_TOTAL_KEY: Obtained
2025-02-15 11:42:48,650 - MySecretLogger - INFO - VIRUS_TOTAL_ENDPOINT: Obtained
2025-02-15 11:42:48,651 - MySecretLogger - INFO - VIRUS_TOTAL_KEY: Obtained
2025-02-15 11:42:48,651 - MySecretLogger - INFO - VIRUS_TOTAL_KEY: Obtained
2025-02-15 11:42:48,651 - MySecretLogger - INFO - VIRUS_TOTAL_KEY: Obtained
2025-02-15 11:42:48,651 - MySecretLogger - INFO - VIRUS_TOTAL_KEY: Obtained
2025-02-15 11:42:48,651 - MySecretLogger - INFO - VIRUS_TOTAL_KEY: Obtained
2025-02-15 11:42:48,651 - MySecretLogger - INFO - VIRUS_TOTAL_KEY: Obtained
2025-02-15 11:42:58,432 - MySecretLogger - INFO - VIRUS_TOTAL_KEY: Obtained
2025-02-15 11:42:58,432 - MySecretLogger - INFO - VIRUS_TOTAL_ENDPOINT: Obtained
2025-02-15 11:42:58,432 - MySecretLogger - INFO - VIRUS_TOTAL_KEY: Obtained
2025-02-15 11:42:58,433 - MySecretLogger - INFO - VIRUS_TOTAL_KEY: Obtained
2025-02-15 11:42:58,433 - MySecretLogger - INFO - VIRUS_TOTAL_KEY: Obtained
2025-02-15 11:42:58,433 - MySecretLogger - INFO - VIRUS_TOTAL_KEY: Obtained
2025-02-15 11:42:58,433 - MySecretLogger - INFO - VIRUS_TOTAL_KEY: Obtained
2025-02-15 11:42:58,433 - MySecretLogger - INFO - VIRUS_TOTAL_KEY: Obtained
2025-02-15 11:43:02,679 - Home.py - INFO - User accessed the Overview section.
2025-02-15 11:43:10,949 - email_analysis_ui - INFO - New email file uploaded for analysis.
2025-02-15 11:44:16,510 - email_analysis_ui - INFO - New email file uploaded for analysis.
2025-02-15 11:44:16,527 - email_analysis_ui - INFO - Scanning email links: ['https://www.linkedin.com/comm/feed/update/urn:li:activity:7278396580469051392?highlightedUpdateUrn=urn%3Ali%3Aactivity%3A7278396580469051392&showCommentBox=true&origin=NETWORK_CONVERSATIONS&lipi=urn%3Ali%3Apage%3Aemail_email_network_conversations_01%3BGEaotqlFTSCLj5sHnT9Inw%3D%3D&midToken=AQG7xl35wQWEcw&midSig=1eYSp-Qw7TxXA1&trk=eml-email_network_conversations_01-network~post~cta~text-0-read~more&trkEmail=eml-email_network_conversations_01-network~post~cta~text-0-read~more-null-mmgy9j~m5l3c5sm~zo-null-null&eid=mmgy9j-m5l3c5sm-zo&otpToken=MTMwNjE4ZTcxYjI3YzFjN2I2MjkwZmViNDExZGUxYjU4OGNlZDk0ODkwYTk4NjZjN2JjZTAyNmQ0NzU4NWJmN2YxZDJkMmU5NDFkMWNmZWI1ZWZhZmRhOTIxMTQ4NTAzNDUxOTRhODkwMjc4ODdiYzJjODZiYjMzLDEsMQ%3D%3D', 'https://www.linkedin.com/comm/feed/update/urn:li:activity:7279554587399778304?highlightedUpdateUrn=urn%3Ali%3Aactivity%3A7279554587399778304&showCommentBox=true&origin=NETWORK_CONVERSATIONS&lipi=urn%3Ali%3Apage%3Aemail_email_network_conversations_01%3BGEaotqlFTSCLj5sHnT9Inw%3D%3D&midToken=AQG7xl35wQWEcw&midSig=1eYSp-Qw7TxXA1&trk=eml-email_network_conversations_01-network~post~cta~text-0-read~more&trkEmail=eml-email_network_conversations_01-network~post~cta~text-0-read~more-null-mmgy9j~m5l3c5sm~zo-null-null&eid=mmgy9j-m5l3c5sm-zo&otpToken=MTMwNjE4ZTcxYjI3YzFjN2I2MjkwZmViNDExZGUxYjU4OGNlZDk0ODkwYTk4NjZjN2JjZTAyNmQ0NzU4NWJmN2YxZDJkMmU5NDFkMWNmZWI1ZWZhZmRhOTIxMTQ4NTAzNDUxOTRhODkwMjc4ODdiYzJjODZiYjMzLDEsMQ%3D%3D', 'https://www.linkedin.com/comm/feed/update/urn:li:activity:7279145012553039872?highlightedUpdateUrn=urn%3Ali%3Aactivity%3A7279145012553039872&showCommentBox=true&origin=NETWORK_CONVERSATIONS&lipi=urn%3Ali%3Apage%3Aemail_email_network_conversations_01%3BGEaotqlFTSCLj5sHnT9Inw%3D%3D&midToken=AQG7xl35wQWEcw&midSig=1eYSp-Qw7TxXA1&trk=eml-email_network_conversations_01-network~post~cta~text-0-read~more&trkEmail=eml-email_network_conversations_01-network~post~cta~text-0-read~more-null-mmgy9j~m5l3c5sm~zo-null-null&eid=mmgy9j-m5l3c5sm-zo&otpToken=MTMwNjE4ZTcxYjI3YzFjN2I2MjkwZmViNDExZGUxYjU4OGNlZDk0ODkwYTk4NjZjN2JjZTAyNmQ0NzU4NWJmN2YxZDJkMmU5NDFkMWNmZWI1ZWZhZmRhOTIxMTQ4NTAzNDUxOTRhODkwMjc4ODdiYzJjODZiYjMzLDEsMQ%3D%3D', 'https://www.linkedin.com/comm/feed/update/urn:li:activity:7279383003447939072?highlightedUpdateUrn=urn%3Ali%3Aactivity%3A7279383003447939072&showCommentBox=true&origin=NETWORK_CONVERSATIONS&lipi=urn%3Ali%3Apage%3Aemail_email_network_conversations_01%3BGEaotqlFTSCLj5sHnT9Inw%3D%3D&midToken=AQG7xl35wQWEcw&midSig=1eYSp-Qw7TxXA1&trk=eml-email_network_conversations_01-network~post~cta~text-0-read~more&trkEmail=eml-email_network_conversations_01-network~post~cta~text-0-read~more-null-mmgy9j~m5l3c5sm~zo-null-null&eid=mmgy9j-m5l3c5sm-zo&otpToken=MTMwNjE4ZTcxYjI3YzFjN2I2MjkwZmViNDExZGUxYjU4OGNlZDk0ODkwYTk4NjZjN2JjZTAyNmQ0NzU4NWJmN2YxZDJkMmU5NDFkMWNmZWI1ZWZhZmRhOTIxMTQ4NTAzNDUxOTRhODkwMjc4ODdiYzJjODZiYjMzLDEsMQ%3D%3D', 'https://www.linkedin.com/comm/feed/update/urn:li:activity:7279399255239274496?highlightedUpdateUrn=urn%3Ali%3Aactivity%3A7279399255239274496&showCommentBox=true&origin=NETWORK_CONVERSATIONS&lipi=urn%3Ali%3Apage%3Aemail_email_network_conversations_01%3BGEaotqlFTSCLj5sHnT9Inw%3D%3D&midToken=AQG7xl35wQWEcw&midSig=1eYSp-Qw7TxXA1&trk=eml-email_network_conversations_01-network~post~cta~text-0-read~more&trkEmail=eml-email_network_conversations_01-network~post~cta~text-0-read~more-null-mmgy9j~m5l3c5sm~zo-null-null&eid=mmgy9j-m5l3c5sm-zo&otpToken=MTMwNjE4ZTcxYjI3YzFjN2I2MjkwZmViNDExZGUxYjU4OGNlZDk0ODkwYTk4NjZjN2JjZTAyNmQ0NzU4NWJmN2YxZDJkMmU5NDFkMWNmZWI1ZWZhZmRhOTIxMTQ4NTAzNDUxOTRhODkwMjc4ODdiYzJjODZiYjMzLDEsMQ%3D%3D', 'https://www.linkedin.com/comm/feed/?lipi=urn%3Ali%3Apage%3Aemail_email_network_conversations_01%3BGEaotqlFTSCLj5sHnT9Inw%3D%3D&midToken=AQG7xl35wQWEcw&midSig=1eYSp-Qw7TxXA1&trk=eml-email_network_conversations_01-footer_promo-0-footer_see_all&trkEmail=eml-email_network_conversations_01-footer_promo-0-footer_see_all-null-mmgy9j~m5l3c5sm~zo-null-null&eid=mmgy9j-m5l3c5sm-zo&otpToken=MTMwNjE4ZTcxYjI3YzFjN2I2MjkwZmViNDExZGUxYjU4OGNlZDk0ODkwYTk4NjZjN2JjZTAyNmQ0NzU4NWJmN2YxZDJkMmU5NDFkMWNmZWI1ZWZhZmRhOTIxMTQ4NTAzNDUxOTRhODkwMjc4ODdiYzJjODZiYjMzLDEsMQ%3D%3D', 'https://www.linkedin.com/help/linkedin/answer/4788?lang=en&lipi=urn%3Ali%3Apage%3Aemail_email_network_conversations_01%3BGEaotqlFTSCLj5sHnT9Inw%3D%3D&midToken=AQG7xl35wQWEcw&midSig=1eYSp-Qw7TxXA1&trk=eml-email_network_conversations_01-SecurityHelp-0-textfooterglimmer&trkEmail=eml-email_network_conversations_01-SecurityHelp-0-textfooterglimmer-null-mmgy9j~m5l3c5sm~zo-null-null&eid=mmgy9j-m5l3c5sm-zo&otpToken=MTMwNjE4ZTcxYjI3YzFjN2I2MjkwZmViNDExZGUxYjU4OGNlZDk0ODkwYTk4NjZjN2JjZTAyNmQ0NzU4NWJmN2YxZDJkMmU5NDFkMWNmZWI1ZWZhZmRhOTIxMTQ4NTAzNDUxOTRhODkwMjc4ODdiYzJjODZiYjMzLDEsMQ%3D%3D', 'https://www.linkedin.com/mypreferences/d/language-for-translation', 'https://www.linkedin.com/comm/psettings/email-unsubscribe?lipi=urn%3Ali%3Apage%3Aemail_email_network_conversations_01%3BGEaotqlFTSCLj5sHnT9Inw%3D%3D&midToken=AQG7xl35wQWEcw&midSig=1eYSp-Qw7TxXA1&trk=eml-email_network_conversations_01-unsubscribe-0-textfooterglimmer&trkEmail=eml-email_network_conversations_01-unsubscribe-0-textfooterglimmer-null-mmgy9j~m5l3c5sm~zo-null-null&eid=mmgy9j-m5l3c5sm-zo&loid=AQETWZbpYPL4uwAAAZQ72w_aiZKov72nZ_Qz3ym44ZcyjME1jKh_JEbaP-bwCAsRpxzqwj0vgfkD9nhnbz5Qlm4yUJ3drJ6QnipU_Ioe0AyM36lsZG4wcoH4Ktfygh3w6g', 'https://www.linkedin.com/help/linkedin/answer/67?lang=en&lipi=urn%3Ali%3Apage%3Aemail_email_network_conversations_01%3BGEaotqlFTSCLj5sHnT9Inw%3D%3D&midToken=AQG7xl35wQWEcw&midSig=1eYSp-Qw7TxXA1&trk=eml-email_network_conversations_01-help-0-textfooterglimmer&trkEmail=eml-email_network_conversations_01-help-0-textfooterglimmer-null-mmgy9j~m5l3c5sm~zo-null-null&eid=mmgy9j-m5l3c5sm-zo&otpToken=MTMwNjE4ZTcxYjI3YzFjN2I2MjkwZmViNDExZGUxYjU4OGNlZDk0ODkwYTk4NjZjN2JjZTAyNmQ0NzU4NWJmN2YxZDJkMmU5NDFkMWNmZWI1ZWZhZmRhOTIxMTQ4NTAzNDUxOTRhODkwMjc4ODdiYzJjODZiYjMzLDEsMQ%3D%3D']
2025-02-15 11:44:16,530 - VirusTotalLogger - INFO - Scanning link: https://www.linkedin.com/comm/feed/update/urn:li:activity:7278396580469051392?highlightedUpdateUrn=urn%3Ali%3Aactivity%3A7278396580469051392&showCommentBox=true&origin=NETWORK_CONVERSATIONS&lipi=urn%3Ali%3Apage%3Aemail_email_network_conversations_01%3BGEaotqlFTSCLj5sHnT9Inw%3D%3D&midToken=AQG7xl35wQWEcw&midSig=1eYSp-Qw7TxXA1&trk=eml-email_network_conversations_01-network~post~cta~text-0-read~more&trkEmail=eml-email_network_conversations_01-network~post~cta~text-0-read~more-null-mmgy9j~m5l3c5sm~zo-null-null&eid=mmgy9j-m5l3c5sm-zo&otpToken=MTMwNjE4ZTcxYjI3YzFjN2I2MjkwZmViNDExZGUxYjU4OGNlZDk0ODkwYTk4NjZjN2JjZTAyNmQ0NzU4NWJmN2YxZDJkMmU5NDFkMWNmZWI1ZWZhZmRhOTIxMTQ4NTAzNDUxOTRhODkwMjc4ODdiYzJjODZiYjMzLDEsMQ%3D%3D
2025-02-15 11:44:17,273 - VirusTotalLogger - WARNING - Failed to scan https://www.linkedin.com/comm/feed/update/urn:li:activity:7278396580469051392?highlightedUpdateUrn=urn%3Ali%3Aactivity%3A7278396580469051392&showCommentBox=true&origin=NETWORK_CONVERSATIONS&lipi=urn%3Ali%3Apage%3Aemail_email_network_conversations_01%3BGEaotqlFTSCLj5sHnT9Inw%3D%3D&midToken=AQG7xl35wQWEcw&midSig=1eYSp-Qw7TxXA1&trk=eml-email_network_conversations_01-network~post~cta~text-0-read~more&trkEmail=eml-email_network_conversations_01-network~post~cta~text-0-read~more-null-mmgy9j~m5l3c5sm~zo-null-null&eid=mmgy9j-m5l3c5sm-zo&otpToken=MTMwNjE4ZTcxYjI3YzFjN2I2MjkwZmViNDExZGUxYjU4OGNlZDk0ODkwYTk4NjZjN2JjZTAyNmQ0NzU4NWJmN2YxZDJkMmU5NDFkMWNmZWI1ZWZhZmRhOTIxMTQ4NTAzNDUxOTRhODkwMjc4ODdiYzJjODZiYjMzLDEsMQ%3D%3D: {'link': 'https://www.linkedin.com/comm/feed/update/urn:li:activity:7278396580469051392?highlightedUpdateUrn=urn%3Ali%3Aactivity%3A7278396580469051392&showCommentBox=true&origin=NETWORK_CONVERSATIONS&lipi=urn%3Ali%3Apage%3Aemail_email_network_conversations_01%3BGEaotqlFTSCLj5sHnT9Inw%3D%3D&midToken=AQG7xl35wQWEcw&midSig=1eYSp-Qw7TxXA1&trk=eml-email_network_conversations_01-network~post~cta~text-0-read~more&trkEmail=eml-email_network_conversations_01-network~post~cta~text-0-read~more-null-mmgy9j~m5l3c5sm~zo-null-null&eid=mmgy9j-m5l3c5sm-zo&otpToken=MTMwNjE4ZTcxYjI3YzFjN2I2MjkwZmViNDExZGUxYjU4OGNlZDk0ODkwYTk4NjZjN2JjZTAyNmQ0NzU4NWJmN2YxZDJkMmU5NDFkMWNmZWI1ZWZhZmRhOTIxMTQ4NTAzNDUxOTRhODkwMjc4ODdiYzJjODZiYjMzLDEsMQ%3D%3D', 'error': 'Error: 404', 'response': {'error': {'code': 'NotFoundError', 'message': 'URL "aHR0cHM6Ly93d3cubGlua2VkaW4uY29tL2NvbW0vZmVlZC91cGRhdGUvdXJuOmxpOmFjdGl2aXR5OjcyNzgzOTY1ODA0NjkwNTEzOTI_aGlnaGxpZ2h0ZWRVcGRhdGVVcm49dXJuJTNBbGklM0FhY3Rpdml0eSUzQTcyNzgzOTY1ODA0NjkwNTEzOTImc2hvd0NvbW1lbnRCb3g9dHJ1ZSZvcmlnaW49TkVUV09SS19DT05WRVJTQVRJT05TJmxpcGk9dXJuJTNBbGklM0FwYWdlJTNBZW1haWxfZW1haWxfbmV0d29ya19jb252ZXJzYXRpb25zXzAxJTNCR0Vhb3RxbEZUU0NMajVzSG5UOUludyUzRCUzRCZtaWRUb2tlbj1BUUc3eGwzNXdRV0VjdyZtaWRTaWc9MWVZU3AtUXc3VHhYQTEmdHJrPWVtbC1lbWFpbF9uZXR3b3JrX2NvbnZlcnNhdGlvbnNfMDEtbmV0d29ya35wb3N0fmN0YX50ZXh0LTAtcmVhZH5tb3JlJnRya0VtYWlsPWVtbC1lbWFpbF9uZXR3b3JrX2NvbnZlcnNhdGlvbnNfMDEtbmV0d29ya35wb3N0fmN0YX50ZXh0LTAtcmVhZH5tb3JlLW51bGwtbW1neTlqfm01bDNjNXNtfnpvLW51bGwtbnVsbCZlaWQ9bW1neTlqLW01bDNjNXNtLXpvJm90cFRva2VuPU1UTXdOakU0WlRjeFlqSTNZekZqTjJJMk1qa3dabVZpTkRFeFpHVXhZalU0T0dObFpEazBPRGt3WVRrNE5qWmpOMkpqWlRBeU5tUTBOelU0TldKbU4yWXhaREprTW1VNU5ERmtNV05tWldJMVpXWmhabVJoT1RJeE1UUTROVEF6TkRVeE9UUmhPRGt3TWpjNE9EZGlZekpqT0RaaVlqTXpMREVzTVElM0QlM0Q" not found'}}}
2025-02-15 11:44:17,273 - VirusTotalLogger - INFO - Scanning link: https://www.linkedin.com/comm/feed/update/urn:li:activity:7279554587399778304?highlightedUpdateUrn=urn%3Ali%3Aactivity%3A7279554587399778304&showCommentBox=true&origin=NETWORK_CONVERSATIONS&lipi=urn%3Ali%3Apage%3Aemail_email_network_conversations_01%3BGEaotqlFTSCLj5sHnT9Inw%3D%3D&midToken=AQG7xl35wQWEcw&midSig=1eYSp-Qw7TxXA1&trk=eml-email_network_conversations_01-network~post~cta~text-0-read~more&trkEmail=eml-email_network_conversations_01-network~post~cta~text-0-read~more-null-mmgy9j~m5l3c5sm~zo-null-null&eid=mmgy9j-m5l3c5sm-zo&otpToken=MTMwNjE4ZTcxYjI3YzFjN2I2MjkwZmViNDExZGUxYjU4OGNlZDk0ODkwYTk4NjZjN2JjZTAyNmQ0NzU4NWJmN2YxZDJkMmU5NDFkMWNmZWI1ZWZhZmRhOTIxMTQ4NTAzNDUxOTRhODkwMjc4ODdiYzJjODZiYjMzLDEsMQ%3D%3D
2025-02-15 11:44:17,879 - VirusTotalLogger - WARNING - Failed to scan https://www.linkedin.com/comm/feed/update/urn:li:activity:7279554587399778304?highlightedUpdateUrn=urn%3Ali%3Aactivity%3A7279554587399778304&showCommentBox=true&origin=NETWORK_CONVERSATIONS&lipi=urn%3Ali%3Apage%3Aemail_email_network_conversations_01%3BGEaotqlFTSCLj5sHnT9Inw%3D%3D&midToken=AQG7xl35wQWEcw&midSig=1eYSp-Qw7TxXA1&trk=eml-email_network_conversations_01-network~post~cta~text-0-read~more&trkEmail=eml-email_network_conversations_01-network~post~cta~text-0-read~more-null-mmgy9j~m5l3c5sm~zo-null-null&eid=mmgy9j-m5l3c5sm-zo&otpToken=MTMwNjE4ZTcxYjI3YzFjN2I2MjkwZmViNDExZGUxYjU4OGNlZDk0ODkwYTk4NjZjN2JjZTAyNmQ0NzU4NWJmN2YxZDJkMmU5NDFkMWNmZWI1ZWZhZmRhOTIxMTQ4NTAzNDUxOTRhODkwMjc4ODdiYzJjODZiYjMzLDEsMQ%3D%3D: {'link': 'https://www.linkedin.com/comm/feed/update/urn:li:activity:7279554587399778304?highlightedUpdateUrn=urn%3Ali%3Aactivity%3A7279554587399778304&showCommentBox=true&origin=NETWORK_CONVERSATIONS&lipi=urn%3Ali%3Apage%3Aemail_email_network_conversations_01%3BGEaotqlFTSCLj5sHnT9Inw%3D%3D&midToken=AQG7xl35wQWEcw&midSig=1eYSp-Qw7TxXA1&trk=eml-email_network_conversations_01-network~post~cta~text-0-read~more&trkEmail=eml-email_network_conversations_01-network~post~cta~text-0-read~more-null-mmgy9j~m5l3c5sm~zo-null-null&eid=mmgy9j-m5l3c5sm-zo&otpToken=MTMwNjE4ZTcxYjI3YzFjN2I2MjkwZmViNDExZGUxYjU4OGNlZDk0ODkwYTk4NjZjN2JjZTAyNmQ0NzU4NWJmN2YxZDJkMmU5NDFkMWNmZWI1ZWZhZmRhOTIxMTQ4NTAzNDUxOTRhODkwMjc4ODdiYzJjODZiYjMzLDEsMQ%3D%3D', 'error': 'Error: 404', 'response': {'error': {'code': 'NotFoundError', 'message': 'URL "aHR0cHM6Ly93d3cubGlua2VkaW4uY29tL2NvbW0vZmVlZC91cGRhdGUvdXJuOmxpOmFjdGl2aXR5OjcyNzk1NTQ1ODczOTk3NzgzMDQ_aGlnaGxpZ2h0ZWRVcGRhdGVVcm49dXJuJTNBbGklM0FhY3Rpdml0eSUzQTcyNzk1NTQ1ODczOTk3NzgzMDQmc2hvd0NvbW1lbnRCb3g9dHJ1ZSZvcmlnaW49TkVUV09SS19DT05WRVJTQVRJT05TJmxpcGk9dXJuJTNBbGklM0FwYWdlJTNBZW1haWxfZW1haWxfbmV0d29ya19jb252ZXJzYXRpb25zXzAxJTNCR0Vhb3RxbEZUU0NMajVzSG5UOUludyUzRCUzRCZtaWRUb2tlbj1BUUc3eGwzNXdRV0VjdyZtaWRTaWc9MWVZU3AtUXc3VHhYQTEmdHJrPWVtbC1lbWFpbF9uZXR3b3JrX2NvbnZlcnNhdGlvbnNfMDEtbmV0d29ya35wb3N0fmN0YX50ZXh0LTAtcmVhZH5tb3JlJnRya0VtYWlsPWVtbC1lbWFpbF9uZXR3b3JrX2NvbnZlcnNhdGlvbnNfMDEtbmV0d29ya35wb3N0fmN0YX50ZXh0LTAtcmVhZH5tb3JlLW51bGwtbW1neTlqfm01bDNjNXNtfnpvLW51bGwtbnVsbCZlaWQ9bW1neTlqLW01bDNjNXNtLXpvJm90cFRva2VuPU1UTXdOakU0WlRjeFlqSTNZekZqTjJJMk1qa3dabVZpTkRFeFpHVXhZalU0T0dObFpEazBPRGt3WVRrNE5qWmpOMkpqWlRBeU5tUTBOelU0TldKbU4yWXhaREprTW1VNU5ERmtNV05tWldJMVpXWmhabVJoT1RJeE1UUTROVEF6TkRVeE9UUmhPRGt3TWpjNE9EZGlZekpqT0RaaVlqTXpMREVzTVElM0QlM0Q" not found'}}}
2025-02-15 11:44:17,879 - VirusTotalLogger - INFO - Scanning link: https://www.linkedin.com/comm/feed/update/urn:li:activity:7279145012553039872?highlightedUpdateUrn=urn%3Ali%3Aactivity%3A7279145012553039872&showCommentBox=true&origin=NETWORK_CONVERSATIONS&lipi=urn%3Ali%3Apage%3Aemail_email_network_conversations_01%3BGEaotqlFTSCLj5sHnT9Inw%3D%3D&midToken=AQG7xl35wQWEcw&midSig=1eYSp-Qw7TxXA1&trk=eml-email_network_conversations_01-network~post~cta~text-0-read~more&trkEmail=eml-email_network_conversations_01-network~post~cta~text-0-read~more-null-mmgy9j~m5l3c5sm~zo-null-null&eid=mmgy9j-m5l3c5sm-zo&otpToken=MTMwNjE4ZTcxYjI3YzFjN2I2MjkwZmViNDExZGUxYjU4OGNlZDk0ODkwYTk4NjZjN2JjZTAyNmQ0NzU4NWJmN2YxZDJkMmU5NDFkMWNmZWI1ZWZhZmRhOTIxMTQ4NTAzNDUxOTRhODkwMjc4ODdiYzJjODZiYjMzLDEsMQ%3D%3D
2025-02-15 11:44:18,502 - VirusTotalLogger - WARNING - Failed to scan https://www.linkedin.com/comm/feed/update/urn:li:activity:7279145012553039872?highlightedUpdateUrn=urn%3Ali%3Aactivity%3A7279145012553039872&showCommentBox=true&origin=NETWORK_CONVERSATIONS&lipi=urn%3Ali%3Apage%3Aemail_email_network_conversations_01%3BGEaotqlFTSCLj5sHnT9Inw%3D%3D&midToken=AQG7xl35wQWEcw&midSig=1eYSp-Qw7TxXA1&trk=eml-email_network_conversations_01-network~post~cta~text-0-read~more&trkEmail=eml-email_network_conversations_01-network~post~cta~text-0-read~more-null-mmgy9j~m5l3c5sm~zo-null-null&eid=mmgy9j-m5l3c5sm-zo&otpToken=MTMwNjE4ZTcxYjI3YzFjN2I2MjkwZmViNDExZGUxYjU4OGNlZDk0ODkwYTk4NjZjN2JjZTAyNmQ0NzU4NWJmN2YxZDJkMmU5NDFkMWNmZWI1ZWZhZmRhOTIxMTQ4NTAzNDUxOTRhODkwMjc4ODdiYzJjODZiYjMzLDEsMQ%3D%3D: {'link': 'https://www.linkedin.com/comm/feed/update/urn:li:activity:7279145012553039872?highlightedUpdateUrn=urn%3Ali%3Aactivity%3A7279145012553039872&showCommentBox=true&origin=NETWORK_CONVERSATIONS&lipi=urn%3Ali%3Apage%3Aemail_email_network_conversations_01%3BGEaotqlFTSCLj5sHnT9Inw%3D%3D&midToken=AQG7xl35wQWEcw&midSig=1eYSp-Qw7TxXA1&trk=eml-email_network_conversations_01-network~post~cta~text-0-read~more&trkEmail=eml-email_network_conversations_01-network~post~cta~text-0-read~more-null-mmgy9j~m5l3c5sm~zo-null-null&eid=mmgy9j-m5l3c5sm-zo&otpToken=MTMwNjE4ZTcxYjI3YzFjN2I2MjkwZmViNDExZGUxYjU4OGNlZDk0ODkwYTk4NjZjN2JjZTAyNmQ0NzU4NWJmN2YxZDJkMmU5NDFkMWNmZWI1ZWZhZmRhOTIxMTQ4NTAzNDUxOTRhODkwMjc4ODdiYzJjODZiYjMzLDEsMQ%3D%3D', 'error': 'Error: 404', 'response': {'error': {'code': 'NotFoundError', 'message': 'URL "aHR0cHM6Ly93d3cubGlua2VkaW4uY29tL2NvbW0vZmVlZC91cGRhdGUvdXJuOmxpOmFjdGl2aXR5OjcyNzkxNDUwMTI1NTMwMzk4NzI_aGlnaGxpZ2h0ZWRVcGRhdGVVcm49dXJuJTNBbGklM0FhY3Rpdml0eSUzQTcyNzkxNDUwMTI1NTMwMzk4NzImc2hvd0NvbW1lbnRCb3g9dHJ1ZSZvcmlnaW49TkVUV09SS19DT05WRVJTQVRJT05TJmxpcGk9dXJuJTNBbGklM0FwYWdlJTNBZW1haWxfZW1haWxfbmV0d29ya19jb252ZXJzYXRpb25zXzAxJTNCR0Vhb3RxbEZUU0NMajVzSG5UOUludyUzRCUzRCZtaWRUb2tlbj1BUUc3eGwzNXdRV0VjdyZtaWRTaWc9MWVZU3AtUXc3VHhYQTEmdHJrPWVtbC1lbWFpbF9uZXR3b3JrX2NvbnZlcnNhdGlvbnNfMDEtbmV0d29ya35wb3N0fmN0YX50ZXh0LTAtcmVhZH5tb3JlJnRya0VtYWlsPWVtbC1lbWFpbF9uZXR3b3JrX2NvbnZlcnNhdGlvbnNfMDEtbmV0d29ya35wb3N0fmN0YX50ZXh0LTAtcmVhZH5tb3JlLW51bGwtbW1neTlqfm01bDNjNXNtfnpvLW51bGwtbnVsbCZlaWQ9bW1neTlqLW01bDNjNXNtLXpvJm90cFRva2VuPU1UTXdOakU0WlRjeFlqSTNZekZqTjJJMk1qa3dabVZpTkRFeFpHVXhZalU0T0dObFpEazBPRGt3WVRrNE5qWmpOMkpqWlRBeU5tUTBOelU0TldKbU4yWXhaREprTW1VNU5ERmtNV05tWldJMVpXWmhabVJoT1RJeE1UUTROVEF6TkRVeE9UUmhPRGt3TWpjNE9EZGlZekpqT0RaaVlqTXpMREVzTVElM0QlM0Q" not found'}}}
2025-02-15 11:44:18,503 - VirusTotalLogger - INFO - Scanning link: https://www.linkedin.com/comm/feed/update/urn:li:activity:7279383003447939072?highlightedUpdateUrn=urn%3Ali%3Aactivity%3A7279383003447939072&showCommentBox=true&origin=NETWORK_CONVERSATIONS&lipi=urn%3Ali%3Apage%3Aemail_email_network_conversations_01%3BGEaotqlFTSCLj5sHnT9Inw%3D%3D&midToken=AQG7xl35wQWEcw&midSig=1eYSp-Qw7TxXA1&trk=eml-email_network_conversations_01-network~post~cta~text-0-read~more&trkEmail=eml-email_network_conversations_01-network~post~cta~text-0-read~more-null-mmgy9j~m5l3c5sm~zo-null-null&eid=mmgy9j-m5l3c5sm-zo&otpToken=MTMwNjE4ZTcxYjI3YzFjN2I2MjkwZmViNDExZGUxYjU4OGNlZDk0ODkwYTk4NjZjN2JjZTAyNmQ0NzU4NWJmN2YxZDJkMmU5NDFkMWNmZWI1ZWZhZmRhOTIxMTQ4NTAzNDUxOTRhODkwMjc4ODdiYzJjODZiYjMzLDEsMQ%3D%3D
2025-02-15 11:44:18,961 - VirusTotalLogger - WARNING - Failed to scan https://www.linkedin.com/comm/feed/update/urn:li:activity:7279383003447939072?highlightedUpdateUrn=urn%3Ali%3Aactivity%3A7279383003447939072&showCommentBox=true&origin=NETWORK_CONVERSATIONS&lipi=urn%3Ali%3Apage%3Aemail_email_network_conversations_01%3BGEaotqlFTSCLj5sHnT9Inw%3D%3D&midToken=AQG7xl35wQWEcw&midSig=1eYSp-Qw7TxXA1&trk=eml-email_network_conversations_01-network~post~cta~text-0-read~more&trkEmail=eml-email_network_conversations_01-network~post~cta~text-0-read~more-null-mmgy9j~m5l3c5sm~zo-null-null&eid=mmgy9j-m5l3c5sm-zo&otpToken=MTMwNjE4ZTcxYjI3YzFjN2I2MjkwZmViNDExZGUxYjU4OGNlZDk0ODkwYTk4NjZjN2JjZTAyNmQ0NzU4NWJmN2YxZDJkMmU5NDFkMWNmZWI1ZWZhZmRhOTIxMTQ4NTAzNDUxOTRhODkwMjc4ODdiYzJjODZiYjMzLDEsMQ%3D%3D: {'link': 'https://www.linkedin.com/comm/feed/update/urn:li:activity:7279383003447939072?highlightedUpdateUrn=urn%3Ali%3Aactivity%3A7279383003447939072&showCommentBox=true&origin=NETWORK_CONVERSATIONS&lipi=urn%3Ali%3Apage%3Aemail_email_network_conversations_01%3BGEaotqlFTSCLj5sHnT9Inw%3D%3D&midToken=AQG7xl35wQWEcw&midSig=1eYSp-Qw7TxXA1&trk=eml-email_network_conversations_01-network~post~cta~text-0-read~more&trkEmail=eml-email_network_conversations_01-network~post~cta~text-0-read~more-null-mmgy9j~m5l3c5sm~zo-null-null&eid=mmgy9j-m5l3c5sm-zo&otpToken=MTMwNjE4ZTcxYjI3YzFjN2I2MjkwZmViNDExZGUxYjU4OGNlZDk0ODkwYTk4NjZjN2JjZTAyNmQ0NzU4NWJmN2YxZDJkMmU5NDFkMWNmZWI1ZWZhZmRhOTIxMTQ4NTAzNDUxOTRhODkwMjc4ODdiYzJjODZiYjMzLDEsMQ%3D%3D', 'error': 'Error: 404', 'response': {'error': {'code': 'NotFoundError', 'message': 'URL "aHR0cHM6Ly93d3cubGlua2VkaW4uY29tL2NvbW0vZmVlZC91cGRhdGUvdXJuOmxpOmFjdGl2aXR5OjcyNzkzODMwMDM0NDc5MzkwNzI_aGlnaGxpZ2h0ZWRVcGRhdGVVcm49dXJuJTNBbGklM0FhY3Rpdml0eSUzQTcyNzkzODMwMDM0NDc5MzkwNzImc2hvd0NvbW1lbnRCb3g9dHJ1ZSZvcmlnaW49TkVUV09SS19DT05WRVJTQVRJT05TJmxpcGk9dXJuJTNBbGklM0FwYWdlJTNBZW1haWxfZW1haWxfbmV0d29ya19jb252ZXJzYXRpb25zXzAxJTNCR0Vhb3RxbEZUU0NMajVzSG5UOUludyUzRCUzRCZtaWRUb2tlbj1BUUc3eGwzNXdRV0VjdyZtaWRTaWc9MWVZU3AtUXc3VHhYQTEmdHJrPWVtbC1lbWFpbF9uZXR3b3JrX2NvbnZlcnNhdGlvbnNfMDEtbmV0d29ya35wb3N0fmN0YX50ZXh0LTAtcmVhZH5tb3JlJnRya0VtYWlsPWVtbC1lbWFpbF9uZXR3b3JrX2NvbnZlcnNhdGlvbnNfMDEtbmV0d29ya35wb3N0fmN0YX50ZXh0LTAtcmVhZH5tb3JlLW51bGwtbW1neTlqfm01bDNjNXNtfnpvLW51bGwtbnVsbCZlaWQ9bW1neTlqLW01bDNjNXNtLXpvJm90cFRva2VuPU1UTXdOakU0WlRjeFlqSTNZekZqTjJJMk1qa3dabVZpTkRFeFpHVXhZalU0T0dObFpEazBPRGt3WVRrNE5qWmpOMkpqWlRBeU5tUTBOelU0TldKbU4yWXhaREprTW1VNU5ERmtNV05tWldJMVpXWmhabVJoT1RJeE1UUTROVEF6TkRVeE9UUmhPRGt3TWpjNE9EZGlZekpqT0RaaVlqTXpMREVzTVElM0QlM0Q" not found'}}}
2025-02-15 11:44:18,961 - VirusTotalLogger - INFO - Scanning link: https://www.linkedin.com/comm/feed/update/urn:li:activity:7279399255239274496?highlightedUpdateUrn=urn%3Ali%3Aactivity%3A7279399255239274496&showCommentBox=true&origin=NETWORK_CONVERSATIONS&lipi=urn%3Ali%3Apage%3Aemail_email_network_conversations_01%3BGEaotqlFTSCLj5sHnT9Inw%3D%3D&midToken=AQG7xl35wQWEcw&midSig=1eYSp-Qw7TxXA1&trk=eml-email_network_conversations_01-network~post~cta~text-0-read~more&trkEmail=eml-email_network_conversations_01-network~post~cta~text-0-read~more-null-mmgy9j~m5l3c5sm~zo-null-null&eid=mmgy9j-m5l3c5sm-zo&otpToken=MTMwNjE4ZTcxYjI3YzFjN2I2MjkwZmViNDExZGUxYjU4OGNlZDk0ODkwYTk4NjZjN2JjZTAyNmQ0NzU4NWJmN2YxZDJkMmU5NDFkMWNmZWI1ZWZhZmRhOTIxMTQ4NTAzNDUxOTRhODkwMjc4ODdiYzJjODZiYjMzLDEsMQ%3D%3D
2025-02-15 11:44:19,474 - VirusTotalLogger - WARNING - Failed to scan https://www.linkedin.com/comm/feed/update/urn:li:activity:7279399255239274496?highlightedUpdateUrn=urn%3Ali%3Aactivity%3A7279399255239274496&showCommentBox=true&origin=NETWORK_CONVERSATIONS&lipi=urn%3Ali%3Apage%3Aemail_email_network_conversations_01%3BGEaotqlFTSCLj5sHnT9Inw%3D%3D&midToken=AQG7xl35wQWEcw&midSig=1eYSp-Qw7TxXA1&trk=eml-email_network_conversations_01-network~post~cta~text-0-read~more&trkEmail=eml-email_network_conversations_01-network~post~cta~text-0-read~more-null-mmgy9j~m5l3c5sm~zo-null-null&eid=mmgy9j-m5l3c5sm-zo&otpToken=MTMwNjE4ZTcxYjI3YzFjN2I2MjkwZmViNDExZGUxYjU4OGNlZDk0ODkwYTk4NjZjN2JjZTAyNmQ0NzU4NWJmN2YxZDJkMmU5NDFkMWNmZWI1ZWZhZmRhOTIxMTQ4NTAzNDUxOTRhODkwMjc4ODdiYzJjODZiYjMzLDEsMQ%3D%3D: {'link': 'https://www.linkedin.com/comm/feed/update/urn:li:activity:7279399255239274496?highlightedUpdateUrn=urn%3Ali%3Aactivity%3A7279399255239274496&showCommentBox=true&origin=NETWORK_CONVERSATIONS&lipi=urn%3Ali%3Apage%3Aemail_email_network_conversations_01%3BGEaotqlFTSCLj5sHnT9Inw%3D%3D&midToken=AQG7xl35wQWEcw&midSig=1eYSp-Qw7TxXA1&trk=eml-email_network_conversations_01-network~post~cta~text-0-read~more&trkEmail=eml-email_network_conversations_01-network~post~cta~text-0-read~more-null-mmgy9j~m5l3c5sm~zo-null-null&eid=mmgy9j-m5l3c5sm-zo&otpToken=MTMwNjE4ZTcxYjI3YzFjN2I2MjkwZmViNDExZGUxYjU4OGNlZDk0ODkwYTk4NjZjN2JjZTAyNmQ0NzU4NWJmN2YxZDJkMmU5NDFkMWNmZWI1ZWZhZmRhOTIxMTQ4NTAzNDUxOTRhODkwMjc4ODdiYzJjODZiYjMzLDEsMQ%3D%3D', 'error': 'Error: 404', 'response': {'error': {'code': 'NotFoundError', 'message': 'URL "aHR0cHM6Ly93d3cubGlua2VkaW4uY29tL2NvbW0vZmVlZC91cGRhdGUvdXJuOmxpOmFjdGl2aXR5OjcyNzkzOTkyNTUyMzkyNzQ0OTY_aGlnaGxpZ2h0ZWRVcGRhdGVVcm49dXJuJTNBbGklM0FhY3Rpdml0eSUzQTcyNzkzOTkyNTUyMzkyNzQ0OTYmc2hvd0NvbW1lbnRCb3g9dHJ1ZSZvcmlnaW49TkVUV09SS19DT05WRVJTQVRJT05TJmxpcGk9dXJuJTNBbGklM0FwYWdlJTNBZW1haWxfZW1haWxfbmV0d29ya19jb252ZXJzYXRpb25zXzAxJTNCR0Vhb3RxbEZUU0NMajVzSG5UOUludyUzRCUzRCZtaWRUb2tlbj1BUUc3eGwzNXdRV0VjdyZtaWRTaWc9MWVZU3AtUXc3VHhYQTEmdHJrPWVtbC1lbWFpbF9uZXR3b3JrX2NvbnZlcnNhdGlvbnNfMDEtbmV0d29ya35wb3N0fmN0YX50ZXh0LTAtcmVhZH5tb3JlJnRya0VtYWlsPWVtbC1lbWFpbF9uZXR3b3JrX2NvbnZlcnNhdGlvbnNfMDEtbmV0d29ya35wb3N0fmN0YX50ZXh0LTAtcmVhZH5tb3JlLW51bGwtbW1neTlqfm01bDNjNXNtfnpvLW51bGwtbnVsbCZlaWQ9bW1neTlqLW01bDNjNXNtLXpvJm90cFRva2VuPU1UTXdOakU0WlRjeFlqSTNZekZqTjJJMk1qa3dabVZpTkRFeFpHVXhZalU0T0dObFpEazBPRGt3WVRrNE5qWmpOMkpqWlRBeU5tUTBOelU0TldKbU4yWXhaREprTW1VNU5ERmtNV05tWldJMVpXWmhabVJoT1RJeE1UUTROVEF6TkRVeE9UUmhPRGt3TWpjNE9EZGlZekpqT0RaaVlqTXpMREVzTVElM0QlM0Q" not found'}}}
2025-02-15 11:44:19,474 - VirusTotalLogger - INFO - Scanning link: https://www.linkedin.com/comm/feed/?lipi=urn%3Ali%3Apage%3Aemail_email_network_conversations_01%3BGEaotqlFTSCLj5sHnT9Inw%3D%3D&midToken=AQG7xl35wQWEcw&midSig=1eYSp-Qw7TxXA1&trk=eml-email_network_conversations_01-footer_promo-0-footer_see_all&trkEmail=eml-email_network_conversations_01-footer_promo-0-footer_see_all-null-mmgy9j~m5l3c5sm~zo-null-null&eid=mmgy9j-m5l3c5sm-zo&otpToken=MTMwNjE4ZTcxYjI3YzFjN2I2MjkwZmViNDExZGUxYjU4OGNlZDk0ODkwYTk4NjZjN2JjZTAyNmQ0NzU4NWJmN2YxZDJkMmU5NDFkMWNmZWI1ZWZhZmRhOTIxMTQ4NTAzNDUxOTRhODkwMjc4ODdiYzJjODZiYjMzLDEsMQ%3D%3D
2025-02-15 11:44:20,054 - VirusTotalLogger - WARNING - Failed to scan https://www.linkedin.com/comm/feed/?lipi=urn%3Ali%3Apage%3Aemail_email_network_conversations_01%3BGEaotqlFTSCLj5sHnT9Inw%3D%3D&midToken=AQG7xl35wQWEcw&midSig=1eYSp-Qw7TxXA1&trk=eml-email_network_conversations_01-footer_promo-0-footer_see_all&trkEmail=eml-email_network_conversations_01-footer_promo-0-footer_see_all-null-mmgy9j~m5l3c5sm~zo-null-null&eid=mmgy9j-m5l3c5sm-zo&otpToken=MTMwNjE4ZTcxYjI3YzFjN2I2MjkwZmViNDExZGUxYjU4OGNlZDk0ODkwYTk4NjZjN2JjZTAyNmQ0NzU4NWJmN2YxZDJkMmU5NDFkMWNmZWI1ZWZhZmRhOTIxMTQ4NTAzNDUxOTRhODkwMjc4ODdiYzJjODZiYjMzLDEsMQ%3D%3D: {'link': 'https://www.linkedin.com/comm/feed/?lipi=urn%3Ali%3Apage%3Aemail_email_network_conversations_01%3BGEaotqlFTSCLj5sHnT9Inw%3D%3D&midToken=AQG7xl35wQWEcw&midSig=1eYSp-Qw7TxXA1&trk=eml-email_network_conversations_01-footer_promo-0-footer_see_all&trkEmail=eml-email_network_conversations_01-footer_promo-0-footer_see_all-null-mmgy9j~m5l3c5sm~zo-null-null&eid=mmgy9j-m5l3c5sm-zo&otpToken=MTMwNjE4ZTcxYjI3YzFjN2I2MjkwZmViNDExZGUxYjU4OGNlZDk0ODkwYTk4NjZjN2JjZTAyNmQ0NzU4NWJmN2YxZDJkMmU5NDFkMWNmZWI1ZWZhZmRhOTIxMTQ4NTAzNDUxOTRhODkwMjc4ODdiYzJjODZiYjMzLDEsMQ%3D%3D', 'error': 'Error: 404', 'response': {'error': {'code': 'NotFoundError', 'message': 'URL "aHR0cHM6Ly93d3cubGlua2VkaW4uY29tL2NvbW0vZmVlZC8_bGlwaT11cm4lM0FsaSUzQXBhZ2UlM0FlbWFpbF9lbWFpbF9uZXR3b3JrX2NvbnZlcnNhdGlvbnNfMDElM0JHRWFvdHFsRlRTQ0xqNXNIblQ5SW53JTNEJTNEJm1pZFRva2VuPUFRRzd4bDM1d1FXRWN3Jm1pZFNpZz0xZVlTcC1RdzdUeFhBMSZ0cms9ZW1sLWVtYWlsX25ldHdvcmtfY29udmVyc2F0aW9uc18wMS1mb290ZXJfcHJvbW8tMC1mb290ZXJfc2VlX2FsbCZ0cmtFbWFpbD1lbWwtZW1haWxfbmV0d29ya19jb252ZXJzYXRpb25zXzAxLWZvb3Rlcl9wcm9tby0wLWZvb3Rlcl9zZWVfYWxsLW51bGwtbW1neTlqfm01bDNjNXNtfnpvLW51bGwtbnVsbCZlaWQ9bW1neTlqLW01bDNjNXNtLXpvJm90cFRva2VuPU1UTXdOakU0WlRjeFlqSTNZekZqTjJJMk1qa3dabVZpTkRFeFpHVXhZalU0T0dObFpEazBPRGt3WVRrNE5qWmpOMkpqWlRBeU5tUTBOelU0TldKbU4yWXhaREprTW1VNU5ERmtNV05tWldJMVpXWmhabVJoT1RJeE1UUTROVEF6TkRVeE9UUmhPRGt3TWpjNE9EZGlZekpqT0RaaVlqTXpMREVzTVElM0QlM0Q" not found'}}}
2025-02-15 11:44:20,054 - VirusTotalLogger - INFO - Scanning link: https://www.linkedin.com/help/linkedin/answer/4788?lang=en&lipi=urn%3Ali%3Apage%3Aemail_email_network_conversations_01%3BGEaotqlFTSCLj5sHnT9Inw%3D%3D&midToken=AQG7xl35wQWEcw&midSig=1eYSp-Qw7TxXA1&trk=eml-email_network_conversations_01-SecurityHelp-0-textfooterglimmer&trkEmail=eml-email_network_conversations_01-SecurityHelp-0-textfooterglimmer-null-mmgy9j~m5l3c5sm~zo-null-null&eid=mmgy9j-m5l3c5sm-zo&otpToken=MTMwNjE4ZTcxYjI3YzFjN2I2MjkwZmViNDExZGUxYjU4OGNlZDk0ODkwYTk4NjZjN2JjZTAyNmQ0NzU4NWJmN2YxZDJkMmU5NDFkMWNmZWI1ZWZhZmRhOTIxMTQ4NTAzNDUxOTRhODkwMjc4ODdiYzJjODZiYjMzLDEsMQ%3D%3D
2025-02-15 11:44:20,616 - VirusTotalLogger - WARNING - Failed to scan https://www.linkedin.com/help/linkedin/answer/4788?lang=en&lipi=urn%3Ali%3Apage%3Aemail_email_network_conversations_01%3BGEaotqlFTSCLj5sHnT9Inw%3D%3D&midToken=AQG7xl35wQWEcw&midSig=1eYSp-Qw7TxXA1&trk=eml-email_network_conversations_01-SecurityHelp-0-textfooterglimmer&trkEmail=eml-email_network_conversations_01-SecurityHelp-0-textfooterglimmer-null-mmgy9j~m5l3c5sm~zo-null-null&eid=mmgy9j-m5l3c5sm-zo&otpToken=MTMwNjE4ZTcxYjI3YzFjN2I2MjkwZmViNDExZGUxYjU4OGNlZDk0ODkwYTk4NjZjN2JjZTAyNmQ0NzU4NWJmN2YxZDJkMmU5NDFkMWNmZWI1ZWZhZmRhOTIxMTQ4NTAzNDUxOTRhODkwMjc4ODdiYzJjODZiYjMzLDEsMQ%3D%3D: {'link': 'https://www.linkedin.com/help/linkedin/answer/4788?lang=en&lipi=urn%3Ali%3Apage%3Aemail_email_network_conversations_01%3BGEaotqlFTSCLj5sHnT9Inw%3D%3D&midToken=AQG7xl35wQWEcw&midSig=1eYSp-Qw7TxXA1&trk=eml-email_network_conversations_01-SecurityHelp-0-textfooterglimmer&trkEmail=eml-email_network_conversations_01-SecurityHelp-0-textfooterglimmer-null-mmgy9j~m5l3c5sm~zo-null-null&eid=mmgy9j-m5l3c5sm-zo&otpToken=MTMwNjE4ZTcxYjI3YzFjN2I2MjkwZmViNDExZGUxYjU4OGNlZDk0ODkwYTk4NjZjN2JjZTAyNmQ0NzU4NWJmN2YxZDJkMmU5NDFkMWNmZWI1ZWZhZmRhOTIxMTQ4NTAzNDUxOTRhODkwMjc4ODdiYzJjODZiYjMzLDEsMQ%3D%3D', 'error': 'Error: 404', 'response': {'error': {'code': 'NotFoundError', 'message': 'URL "aHR0cHM6Ly93d3cubGlua2VkaW4uY29tL2hlbHAvbGlua2VkaW4vYW5zd2VyLzQ3ODg_bGFuZz1lbiZsaXBpPXVybiUzQWxpJTNBcGFnZSUzQWVtYWlsX2VtYWlsX25ldHdvcmtfY29udmVyc2F0aW9uc18wMSUzQkdFYW90cWxGVFNDTGo1c0huVDlJbnclM0QlM0QmbWlkVG9rZW49QVFHN3hsMzV3UVdFY3cmbWlkU2lnPTFlWVNwLVF3N1R4WEExJnRyaz1lbWwtZW1haWxfbmV0d29ya19jb252ZXJzYXRpb25zXzAxLVNlY3VyaXR5SGVscC0wLXRleHRmb290ZXJnbGltbWVyJnRya0VtYWlsPWVtbC1lbWFpbF9uZXR3b3JrX2NvbnZlcnNhdGlvbnNfMDEtU2VjdXJpdHlIZWxwLTAtdGV4dGZvb3RlcmdsaW1tZXItbnVsbC1tbWd5OWp-bTVsM2M1c21-em8tbnVsbC1udWxsJmVpZD1tbWd5OWotbTVsM2M1c20tem8mb3RwVG9rZW49TVRNd05qRTRaVGN4WWpJM1l6RmpOMkkyTWprd1ptVmlOREV4WkdVeFlqVTRPR05sWkRrME9Ea3dZVGs0Tmpaak4ySmpaVEF5Tm1RME56VTROV0ptTjJZeFpESmtNbVU1TkRGa01XTm1aV0kxWldaaFptUmhPVEl4TVRRNE5UQXpORFV4T1RSaE9Ea3dNamM0T0RkaVl6SmpPRFppWWpNekxERXNNUSUzRCUzRA" not found'}}}
2025-02-15 11:44:20,616 - VirusTotalLogger - INFO - Scanning link: https://www.linkedin.com/mypreferences/d/language-for-translation
2025-02-15 11:44:21,400 - VirusTotalLogger - INFO - Scan result for https://www.linkedin.com/mypreferences/d/language-for-translation: {'link': 'https://www.linkedin.com/mypreferences/d/language-for-translation', 'malicious': 0, 'suspicious': 0, 'harmless': 69, 'undetected': 27, 'redirects': ['external-resources', 'iframes', 'trackers', 'third-party-cookies']}
2025-02-15 11:44:21,400 - VirusTotalLogger - INFO - Scanning link: https://www.linkedin.com/comm/psettings/email-unsubscribe?lipi=urn%3Ali%3Apage%3Aemail_email_network_conversations_01%3BGEaotqlFTSCLj5sHnT9Inw%3D%3D&midToken=AQG7xl35wQWEcw&midSig=1eYSp-Qw7TxXA1&trk=eml-email_network_conversations_01-unsubscribe-0-textfooterglimmer&trkEmail=eml-email_network_conversations_01-unsubscribe-0-textfooterglimmer-null-mmgy9j~m5l3c5sm~zo-null-null&eid=mmgy9j-m5l3c5sm-zo&loid=AQETWZbpYPL4uwAAAZQ72w_aiZKov72nZ_Qz3ym44ZcyjME1jKh_JEbaP-bwCAsRpxzqwj0vgfkD9nhnbz5Qlm4yUJ3drJ6QnipU_Ioe0AyM36lsZG4wcoH4Ktfygh3w6g
2025-02-15 11:44:21,870 - VirusTotalLogger - WARNING - Failed to scan https://www.linkedin.com/comm/psettings/email-unsubscribe?lipi=urn%3Ali%3Apage%3Aemail_email_network_conversations_01%3BGEaotqlFTSCLj5sHnT9Inw%3D%3D&midToken=AQG7xl35wQWEcw&midSig=1eYSp-Qw7TxXA1&trk=eml-email_network_conversations_01-unsubscribe-0-textfooterglimmer&trkEmail=eml-email_network_conversations_01-unsubscribe-0-textfooterglimmer-null-mmgy9j~m5l3c5sm~zo-null-null&eid=mmgy9j-m5l3c5sm-zo&loid=AQETWZbpYPL4uwAAAZQ72w_aiZKov72nZ_Qz3ym44ZcyjME1jKh_JEbaP-bwCAsRpxzqwj0vgfkD9nhnbz5Qlm4yUJ3drJ6QnipU_Ioe0AyM36lsZG4wcoH4Ktfygh3w6g: {'link': 'https://www.linkedin.com/comm/psettings/email-unsubscribe?lipi=urn%3Ali%3Apage%3Aemail_email_network_conversations_01%3BGEaotqlFTSCLj5sHnT9Inw%3D%3D&midToken=AQG7xl35wQWEcw&midSig=1eYSp-Qw7TxXA1&trk=eml-email_network_conversations_01-unsubscribe-0-textfooterglimmer&trkEmail=eml-email_network_conversations_01-unsubscribe-0-textfooterglimmer-null-mmgy9j~m5l3c5sm~zo-null-null&eid=mmgy9j-m5l3c5sm-zo&loid=AQETWZbpYPL4uwAAAZQ72w_aiZKov72nZ_Qz3ym44ZcyjME1jKh_JEbaP-bwCAsRpxzqwj0vgfkD9nhnbz5Qlm4yUJ3drJ6QnipU_Ioe0AyM36lsZG4wcoH4Ktfygh3w6g', 'error': 'Error: 404', 'response': {'error': {'code': 'NotFoundError', 'message': 'URL "aHR0cHM6Ly93d3cubGlua2VkaW4uY29tL2NvbW0vcHNldHRpbmdzL2VtYWlsLXVuc3Vic2NyaWJlP2xpcGk9dXJuJTNBbGklM0FwYWdlJTNBZW1haWxfZW1haWxfbmV0d29ya19jb252ZXJzYXRpb25zXzAxJTNCR0Vhb3RxbEZUU0NMajVzSG5UOUludyUzRCUzRCZtaWRUb2tlbj1BUUc3eGwzNXdRV0VjdyZtaWRTaWc9MWVZU3AtUXc3VHhYQTEmdHJrPWVtbC1lbWFpbF9uZXR3b3JrX2NvbnZlcnNhdGlvbnNfMDEtdW5zdWJzY3JpYmUtMC10ZXh0Zm9vdGVyZ2xpbW1lciZ0cmtFbWFpbD1lbWwtZW1haWxfbmV0d29ya19jb252ZXJzYXRpb25zXzAxLXVuc3Vic2NyaWJlLTAtdGV4dGZvb3RlcmdsaW1tZXItbnVsbC1tbWd5OWp-bTVsM2M1c21-em8tbnVsbC1udWxsJmVpZD1tbWd5OWotbTVsM2M1c20tem8mbG9pZD1BUUVUV1picFlQTDR1d0FBQVpRNzJ3X2FpWktvdjcyblpfUXozeW00NFpjeWpNRTFqS2hfSkViYVAtYndDQXNScHh6cXdqMHZnZmtEOW5obmJ6NVFsbTR5VUozZHJKNlFuaXBVX0lvZTBBeU0zNmxzWkc0d2NvSDRLdGZ5Z2gzdzZn" not found'}}}
2025-02-15 11:44:21,870 - VirusTotalLogger - INFO - Scanning link: https://www.linkedin.com/help/linkedin/answer/67?lang=en&lipi=urn%3Ali%3Apage%3Aemail_email_network_conversations_01%3BGEaotqlFTSCLj5sHnT9Inw%3D%3D&midToken=AQG7xl35wQWEcw&midSig=1eYSp-Qw7TxXA1&trk=eml-email_network_conversations_01-help-0-textfooterglimmer&trkEmail=eml-email_network_conversations_01-help-0-textfooterglimmer-null-mmgy9j~m5l3c5sm~zo-null-null&eid=mmgy9j-m5l3c5sm-zo&otpToken=MTMwNjE4ZTcxYjI3YzFjN2I2MjkwZmViNDExZGUxYjU4OGNlZDk0ODkwYTk4NjZjN2JjZTAyNmQ0NzU4NWJmN2YxZDJkMmU5NDFkMWNmZWI1ZWZhZmRhOTIxMTQ4NTAzNDUxOTRhODkwMjc4ODdiYzJjODZiYjMzLDEsMQ%3D%3D
2025-02-15 11:44:22,326 - VirusTotalLogger - WARNING - Failed to scan https://www.linkedin.com/help/linkedin/answer/67?lang=en&lipi=urn%3Ali%3Apage%3Aemail_email_network_conversations_01%3BGEaotqlFTSCLj5sHnT9Inw%3D%3D&midToken=AQG7xl35wQWEcw&midSig=1eYSp-Qw7TxXA1&trk=eml-email_network_conversations_01-help-0-textfooterglimmer&trkEmail=eml-email_network_conversations_01-help-0-textfooterglimmer-null-mmgy9j~m5l3c5sm~zo-null-null&eid=mmgy9j-m5l3c5sm-zo&otpToken=MTMwNjE4ZTcxYjI3YzFjN2I2MjkwZmViNDExZGUxYjU4OGNlZDk0ODkwYTk4NjZjN2JjZTAyNmQ0NzU4NWJmN2YxZDJkMmU5NDFkMWNmZWI1ZWZhZmRhOTIxMTQ4NTAzNDUxOTRhODkwMjc4ODdiYzJjODZiYjMzLDEsMQ%3D%3D: {'link': 'https://www.linkedin.com/help/linkedin/answer/67?lang=en&lipi=urn%3Ali%3Apage%3Aemail_email_network_conversations_01%3BGEaotqlFTSCLj5sHnT9Inw%3D%3D&midToken=AQG7xl35wQWEcw&midSig=1eYSp-Qw7TxXA1&trk=eml-email_network_conversations_01-help-0-textfooterglimmer&trkEmail=eml-email_network_conversations_01-help-0-textfooterglimmer-null-mmgy9j~m5l3c5sm~zo-null-null&eid=mmgy9j-m5l3c5sm-zo&otpToken=MTMwNjE4ZTcxYjI3YzFjN2I2MjkwZmViNDExZGUxYjU4OGNlZDk0ODkwYTk4NjZjN2JjZTAyNmQ0NzU4NWJmN2YxZDJkMmU5NDFkMWNmZWI1ZWZhZmRhOTIxMTQ4NTAzNDUxOTRhODkwMjc4ODdiYzJjODZiYjMzLDEsMQ%3D%3D', 'error': 'Error: 404', 'response': {'error': {'code': 'NotFoundError', 'message': 'URL "aHR0cHM6Ly93d3cubGlua2VkaW4uY29tL2hlbHAvbGlua2VkaW4vYW5zd2VyLzY3P2xhbmc9ZW4mbGlwaT11cm4lM0FsaSUzQXBhZ2UlM0FlbWFpbF9lbWFpbF9uZXR3b3JrX2NvbnZlcnNhdGlvbnNfMDElM0JHRWFvdHFsRlRTQ0xqNXNIblQ5SW53JTNEJTNEJm1pZFRva2VuPUFRRzd4bDM1d1FXRWN3Jm1pZFNpZz0xZVlTcC1RdzdUeFhBMSZ0cms9ZW1sLWVtYWlsX25ldHdvcmtfY29udmVyc2F0aW9uc18wMS1oZWxwLTAtdGV4dGZvb3RlcmdsaW1tZXImdHJrRW1haWw9ZW1sLWVtYWlsX25ldHdvcmtfY29udmVyc2F0aW9uc18wMS1oZWxwLTAtdGV4dGZvb3RlcmdsaW1tZXItbnVsbC1tbWd5OWp-bTVsM2M1c21-em8tbnVsbC1udWxsJmVpZD1tbWd5OWotbTVsM2M1c20tem8mb3RwVG9rZW49TVRNd05qRTRaVGN4WWpJM1l6RmpOMkkyTWprd1ptVmlOREV4WkdVeFlqVTRPR05sWkRrME9Ea3dZVGs0Tmpaak4ySmpaVEF5Tm1RME56VTROV0ptTjJZeFpESmtNbVU1TkRGa01XTm1aV0kxWldaaFptUmhPVEl4TVRRNE5UQXpORFV4T1RSaE9Ea3dNamM0T0RkaVl6SmpPRFppWWpNekxERXNNUSUzRCUzRA" not found'}}}
2025-02-15 11:44:54,145 - Home.py - INFO - User accessed the Overview section.
2025-02-15 11:46:14,249 - MySecretLogger - INFO - VIRUS_TOTAL_KEY: Obtained
2025-02-15 11:46:14,249 - MySecretLogger - INFO - VIRUS_TOTAL_ENDPOINT: Obtained
2025-02-15 11:46:14,249 - MySecretLogger - INFO - VIRUS_TOTAL_KEY: Obtained
2025-02-15 11:46:14,249 - MySecretLogger - INFO - VIRUS_TOTAL_KEY: Obtained
2025-02-15 11:46:14,250 - MySecretLogger - INFO - VIRUS_TOTAL_KEY: Obtained
2025-02-15 11:46:14,250 - MySecretLogger - INFO - VIRUS_TOTAL_KEY: Obtained
2025-02-15 11:46:14,250 - MySecretLogger - INFO - VIRUS_TOTAL_KEY: Obtained
2025-02-15 11:46:14,250 - MySecretLogger - INFO - VIRUS_TOTAL_KEY: Obtained
2025-02-15 11:46:41,024 - MySecretLogger - INFO - VIRUS_TOTAL_KEY: Obtained
2025-02-15 11:46:41,025 - MySecretLogger - INFO - VIRUS_TOTAL_ENDPOINT: Obtained
2025-02-15 11:46:41,025 - MySecretLogger - INFO - VIRUS_TOTAL_KEY: Obtained
2025-02-15 11:46:41,025 - MySecretLogger - INFO - VIRUS_TOTAL_KEY: Obtained
2025-02-15 11:46:41,025 - MySecretLogger - INFO - VIRUS_TOTAL_KEY: Obtained
2025-02-15 11:46:41,025 - MySecretLogger - INFO - VIRUS_TOTAL_KEY: Obtained
2025-02-15 11:46:41,025 - MySecretLogger - INFO - VIRUS_TOTAL_KEY: Obtained
2025-02-15 11:46:41,025 - MySecretLogger - INFO - VIRUS_TOTAL_KEY: Obtained
2025-02-15 11:46:56,444 - MySecretLogger - INFO - VIRUS_TOTAL_KEY: Obtained
2025-02-15 11:46:56,444 - MySecretLogger - INFO - VIRUS_TOTAL_ENDPOINT: Obtained
2025-02-15 11:46:56,444 - MySecretLogger - INFO - VIRUS_TOTAL_KEY: Obtained
2025-02-15 11:46:56,444 - MySecretLogger - INFO - VIRUS_TOTAL_KEY: Obtained
2025-02-15 11:46:56,445 - MySecretLogger - INFO - VIRUS_TOTAL_KEY: Obtained
2025-02-15 11:46:56,445 - MySecretLogger - INFO - VIRUS_TOTAL_KEY: Obtained
2025-02-15 11:46:56,445 - MySecretLogger - INFO - VIRUS_TOTAL_KEY: Obtained
2025-02-15 11:46:56,445 - MySecretLogger - INFO - VIRUS_TOTAL_KEY: Obtained
2025-02-15 11:47:57,548 - MySecretLogger - INFO - VIRUS_TOTAL_KEY: Obtained
2025-02-15 11:47:57,548 - MySecretLogger - INFO - VIRUS_TOTAL_ENDPOINT: Obtained
2025-02-15 11:47:57,548 - MySecretLogger - INFO - VIRUS_TOTAL_KEY: Obtained
2025-02-15 11:47:57,548 - MySecretLogger - INFO - VIRUS_TOTAL_KEY: Obtained
2025-02-15 11:47:57,548 - MySecretLogger - INFO - VIRUS_TOTAL_KEY: Obtained
2025-02-15 11:47:57,548 - MySecretLogger - INFO - VIRUS_TOTAL_KEY: Obtained
2025-02-15 11:47:57,549 - MySecretLogger - INFO - VIRUS_TOTAL_KEY: Obtained
2025-02-15 11:47:57,549 - MySecretLogger - INFO - VIRUS_TOTAL_KEY: Obtained
2025-02-15 11:48:08,209 - MySecretLogger - INFO - VIRUS_TOTAL_KEY: Obtained
2025-02-15 11:48:08,209 - MySecretLogger - INFO - VIRUS_TOTAL_ENDPOINT: Obtained
2025-02-15 11:48:08,209 - MySecretLogger - INFO - VIRUS_TOTAL_KEY: Obtained
2025-02-15 11:48:08,210 - MySecretLogger - INFO - VIRUS_TOTAL_KEY: Obtained
2025-02-15 11:48:08,210 - MySecretLogger - INFO - VIRUS_TOTAL_KEY: Obtained
2025-02-15 11:48:08,210 - MySecretLogger - INFO - VIRUS_TOTAL_KEY: Obtained
2025-02-15 11:48:08,210 - MySecretLogger - INFO - VIRUS_TOTAL_KEY: Obtained
2025-02-15 11:48:08,210 - MySecretLogger - INFO - VIRUS_TOTAL_KEY: Obtained
2025-02-15 11:48:12,764 - Home.py - INFO - User accessed the Overview section.
2025-02-15 11:48:54,687 - MySecretLogger - INFO - VIRUS_TOTAL_KEY: Obtained
2025-02-15 11:48:54,687 - MySecretLogger - INFO - VIRUS_TOTAL_ENDPOINT: Obtained
2025-02-15 11:48:54,687 - MySecretLogger - INFO - VIRUS_TOTAL_KEY: Obtained
2025-02-15 11:48:54,688 - MySecretLogger - INFO - VIRUS_TOTAL_KEY: Obtained
2025-02-15 11:48:54,688 - MySecretLogger - INFO - VIRUS_TOTAL_KEY: Obtained
2025-02-15 11:48:54,688 - MySecretLogger - INFO - VIRUS_TOTAL_KEY: Obtained
2025-02-15 11:48:54,688 - MySecretLogger - INFO - VIRUS_TOTAL_KEY: Obtained
2025-02-15 11:48:54,688 - MySecretLogger - INFO - VIRUS_TOTAL_KEY: Obtained
2025-02-15 11:49:16,532 - MySecretLogger - INFO - VIRUS_TOTAL_KEY: Obtained
2025-02-15 11:49:16,532 - MySecretLogger - INFO - VIRUS_TOTAL_ENDPOINT: Obtained
2025-02-15 11:49:16,532 - MySecretLogger - INFO - VIRUS_TOTAL_KEY: Obtained
2025-02-15 11:49:16,532 - MySecretLogger - INFO - VIRUS_TOTAL_KEY: Obtained
2025-02-15 11:49:16,532 - MySecretLogger - INFO - VIRUS_TOTAL_KEY: Obtained
2025-02-15 11:49:16,532 - MySecretLogger - INFO - VIRUS_TOTAL_KEY: Obtained
2025-02-15 11:49:16,532 - MySecretLogger - INFO - VIRUS_TOTAL_KEY: Obtained
2025-02-15 11:49:16,532 - MySecretLogger - INFO - VIRUS_TOTAL_KEY: Obtained
2025-02-15 11:49:21,026 - Home.py - INFO - User accessed the Overview section.
2025-02-15 11:50:25,989 - MySecretLogger - INFO - VIRUS_TOTAL_KEY: Obtained
2025-02-15 11:50:25,989 - MySecretLogger - INFO - VIRUS_TOTAL_ENDPOINT: Obtained
2025-02-15 11:50:25,989 - MySecretLogger - INFO - VIRUS_TOTAL_KEY: Obtained
2025-02-15 11:50:25,989 - MySecretLogger - INFO - VIRUS_TOTAL_KEY: Obtained
2025-02-15 11:50:25,989 - MySecretLogger - INFO - VIRUS_TOTAL_KEY: Obtained
2025-02-15 11:50:25,989 - MySecretLogger - INFO - VIRUS_TOTAL_KEY: Obtained
2025-02-15 11:50:25,990 - MySecretLogger - INFO - VIRUS_TOTAL_KEY: Obtained
2025-02-15 11:50:25,990 - MySecretLogger - INFO - VIRUS_TOTAL_KEY: Obtained
2025-02-15 11:50:34,121 - MySecretLogger - INFO - VIRUS_TOTAL_KEY: Obtained
2025-02-15 11:50:34,122 - MySecretLogger - INFO - VIRUS_TOTAL_ENDPOINT: Obtained
2025-02-15 11:50:34,122 - MySecretLogger - INFO - VIRUS_TOTAL_KEY: Obtained
2025-02-15 11:50:34,122 - MySecretLogger - INFO - VIRUS_TOTAL_KEY: Obtained
2025-02-15 11:50:34,122 - MySecretLogger - INFO - VIRUS_TOTAL_KEY: Obtained
2025-02-15 11:50:34,122 - MySecretLogger - INFO - VIRUS_TOTAL_KEY: Obtained
2025-02-15 11:50:34,122 - MySecretLogger - INFO - VIRUS_TOTAL_KEY: Obtained
2025-02-15 11:50:34,122 - MySecretLogger - INFO - VIRUS_TOTAL_KEY: Obtained
